11:00:30 **** Incremental Build of configuration Debug for project DISC_HAL_Timer_Blinky ****
make all 
arm-none-eabi-gcc "../src/main.c" -mcpu=cortex-m4 -std=gnu11 -g3 -DSTM32F407VGTx -DSTM32F4 -DSTM32F4DISCOVERY -DSTM32 -DDEBUG -DUSE_HAL_DRIVER -DSTM32F407xx -c -I"/home/hendri/MyWorkspace/workspaceAC6-F407/DISC_HAL_Timer_Blinky/inc" -O0 -ffunction-sections -Wall -fstack-usage -fcyclomatic-complexity -MMD -MP -MF"src/main.d" -MT"src/main.o" --specs=nano.specs -mfpu=fpv4-sp-d16 -mfloat-abi=hard -mthumb -o "src/main.o"
../src/main.c:1:10: fatal error: stm32f4xx.h: No such file or directory
    1 | #include "stm32f4xx.h"
      |          ^~~~~~~~~~~~~
compilation terminated.
make: *** [src/subdir.mk:28: src/main.o] Error 1
"make all" terminated with exit code 2. Build might be incomplete.

11:00:30 Build Failed. 2 errors, 0 warnings. (took 487ms)

